{
  "RSpec": {
    "coverage": {
      "/Users/rajeshsah/tutorial/Geometry_rectangle/lib/rectangle.rb": [
        null,
        1,
        null,
        1,
        0,
        0,
        null,
        null,
        1,
        0,
        null,
        null
      ],
      "/Users/rajeshsah/tutorial/Geometry_rectangle/lib/length.rb": [
        null,
        1,
        1,
        1,
        null,
        1,
        0,
        0,
        null,
        null,
        1,
        0,
        null,
        null,
        1,
        0,
        null,
        null,
        1,
        0,
        null,
        null,
        1,
        0,
        0,
        null,
        null,
        1,
        0,
        null,
        null,
        1,
        0,
        null,
        null,
        1,
        0,
        null,
        null
      ],
      "/Users/rajeshsah/tutorial/Geometry_rectangle/lib/unit.rb": [
        null,
        1,
        1,
        1,
        1,
        1,
        1,
        3,
        null,
        1,
        3,
        2,
        1,
        null,
        null
      ]
    },
    "timestamp": 1433499806
  }
}
