{
  "RSpec": {
    "coverage": {
      "/Users/rajeshsah/tutorial/Geometry_rectangle/lib/rectangle.rb": [
        null,
        1,
        null,
        1,
        0,
        0,
        null,
        null,
        1,
        0,
        null,
        null
      ],
      "/Users/rajeshsah/tutorial/Geometry_rectangle/lib/length.rb": [
        null,
        1,
        1,
        1,
        1,
        1,
        1,
        null,
        1,
        32,
        32,
        null,
        null,
        1,
        11,
        null,
        null,
        1,
        4,
        null,
        null,
        1,
        3,
        null,
        null,
        1,
        2,
        null,
        null,
        1,
        1,
        33,
        25,
        20,
        null,
        null
      ]
    },
    "timestamp": 1433493404
  }
}
